96 - Winsize
2102 - 1
2104 - 2
2107 - 5
2108 - 3
2111 - 6
2113 - 8
2116 - 6
2118 - 5
2119 - 7
2122 - 10
2124 - 13
2126 - 14
2128 - 13
2131 - 11
2134 - 9
2138 - 13
2143 - 19
2147 - 23
2149 - 24
2152 - 27
2157 - 25
2163 - 21
2167 - 16
2168 - 16
2169 - 16
2170 - 16
2177 - 25
2186 - 37
2193 - 45
2195 - 46
2196 - 47
2198 - 48
2201 - 53
2207 - 45
2217 - 33
2224 - 22
2225 - 21
2227 - 20
2228 - 19
2236 - Packet Dropped!
2236 - 25
2245 - 37
2252 - 45
2254 - 46
2255 - 47
2257 - 48
2259 - 53
2266 - 49
2274 - 53
2280 - 54
2282 - 55
2283 - 56
2285 - 57
2292 - 67
2295 - 67
2309 - 75
2311 - 78
2315 - 82
2318 - 87
2320 - 91
2322 - 93
2324 - 95
2327 - 93
2329 - 90
2332 - 86
2335 - 81
2338 - 77
2339 - 75
2343 - 75
2346 - 78
2349 - 82
2353 - 87
2356 - 91
2358 - 93
2360 - 95
2363 - 94
2366 - 91
2369 - 87
2372 - 82
2375 - 78
2376 - 76
2380 - 76
2382 - 78
2385 - 82
2389 - 87
2392 - 91
2394 - 93
2395 - 95
2398 - 95
2401 - 92
2403 - 88
2406 - 83
2409 - 79
2411 - 77
2415 - 77
2418 - 78
2421 - 82
2425 - 87
2428 - 91
2430 - 93
2432 - 95
2435 - 95
2438 - 93
2441 - 89
2444 - 84
2446 - 80
2449 - 78
2452 - 78
2455 - 79
2458 - 82
2462 - 87
2464 - 91
2466 - 93
2468 - 95
2471 - 95
2474 - 94
2477 - 90
2481 - 85
2485 - 81
2486 - 79
2489 - 79
2493 - 80
2497 - 82
2501 - 87
2503 - 91
2506 - 93
2507 - 95
2510 - 95
2513 - 94
2517 - 91
2520 - 86
2522 - 82
2524 - 80
2527 - 80
2531 - 81
2534 - 83
2538 - 87
2541 - 91
2543 - 93
2545 - 95
2549 - 95
2553 - 94
2558 - 92
2563 - 87
2568 - 83
2570 - 81
2574 - 81
2577 - 82
2582 - 84
2587 - 87
2591 - 91
2594 - 93
